TN:
SF:src/MultiSig.sol
DA:40,26
FN:40,MultiSig.constructor
FNDA:26,MultiSig.constructor
DA:41,26
BRDA:41,0,0,1
BRDA:41,0,1,25
DA:42,25
BRDA:42,1,0,1
BRDA:42,1,1,24
DA:43,24
BRDA:43,2,0,1
BRDA:43,2,1,23
DA:48,23
DA:49,115
DA:51,23
DA:54,1
FN:54,MultiSig.getBalance
FNDA:1,MultiSig.getBalance
DA:55,1
DA:58,0
FN:58,MultiSig.getBalance
FNDA:0,MultiSig.getBalance
DA:59,0
DA:62,0
FN:62,MultiSig.getBalance
FNDA:0,MultiSig.getBalance
DA:63,0
DA:64,0
DA:67,2
FN:67,MultiSig.deposit
FNDA:2,MultiSig.deposit
DA:68,2
BRDA:68,3,0,-
BRDA:68,3,1,2
DA:73,2
DA:74,2
DA:75,2
DA:78,5
FN:78,MultiSig.deposit
FNDA:5,MultiSig.deposit
DA:79,5
BRDA:79,4,0,1
BRDA:79,4,1,4
DA:83,4
DA:86,13
FN:86,MultiSig.propose
FNDA:13,MultiSig.propose
DA:90,13
BRDA:90,5,0,1
BRDA:90,5,1,12
DA:91,12
BRDA:91,6,0,1
BRDA:91,6,1,11
DA:93,11
DA:105,11
DA:109,11
DA:111,11
DA:114,5
FN:114,MultiSig.propose
FNDA:5,MultiSig.propose
DA:119,5
BRDA:119,7,0,1
BRDA:119,7,1,4
DA:120,4
BRDA:120,8,0,1
BRDA:120,8,1,3
DA:121,3
BRDA:121,9,0,1
BRDA:121,9,1,2
DA:122,2
BRDA:122,10,0,-
BRDA:122,10,1,2
DA:124,2
DA:125,2
BRDA:125,11,0,-
BRDA:125,11,1,2
DA:127,2
DA:139,2
DA:143,2
DA:145,2
DA:150,29
FN:150,MultiSig.sign
FNDA:29,MultiSig.sign
DA:151,29
DA:153,29
BRDA:153,12,0,1
BRDA:153,12,1,28
DA:154,28
BRDA:154,13,0,1
BRDA:154,13,1,27
DA:155,27
BRDA:155,14,0,1
BRDA:155,14,1,26
DA:157,26
DA:158,26
DA:163,10
FN:163,MultiSig.execute
FNDA:10,MultiSig.execute
DA:164,10
DA:165,10
BRDA:165,15,0,1
BRDA:165,15,1,9
DA:166,9
BRDA:166,16,0,1
BRDA:166,16,1,8
DA:170,8
BRDA:170,17,0,1
BRDA:170,17,1,7
DA:171,7
BRDA:171,18,0,1
BRDA:171,18,1,6
DA:172,4
BRDA:172,19,0,4
BRDA:172,19,1,1
DA:173,4
BRDA:173,20,0,1
BRDA:173,20,1,3
DA:179,3
DA:180,3
DA:184,3
BRDA:184,21,0,-
BRDA:184,21,1,3
DA:186,2
BRDA:186,22,0,1
BRDA:186,22,1,1
DA:191,1
DA:193,1
DA:194,1
DA:199,1
BRDA:199,23,0,-
BRDA:199,23,1,1
FNF:10
FNH:8
LF:63
LH:58
BRF:48
BRH:43
end_of_record
